Drill report for my_mg10.kicad_pcb
Created on 2025-08-31T20:45:28+0200

Copper Layer Stackup:
    =============================================================
    L1 :  F.Cu                      front
    L2 :  B.Cu                      back


Drill file 'my_mg10-PTH.drl' contains
    plated through holes:
    =============================================================
    T1  0.400mm  0.0157"  (5 holes)
    T2  0.400mm  0.0157"  (3 holes)  (with 3 slots)
    T3  0.500mm  0.0197"  (8 holes)
    T4  0.800mm  0.0315"  (184 holes)  (with 2 slots)
    T5  0.900mm  0.0354"  (10 holes)
    T6  0.950mm  0.0374"  (15 holes)
    T7  1.000mm  0.0394"  (12 holes)
    T8  1.100mm  0.0433"  (10 holes)
    T9  1.200mm  0.0472"  (42 holes)
    T10  1.400mm  0.0551"  (12 holes)
    T11  2.500mm  0.0984"  (1 hole)

    Total plated holes count 302


Drill file 'my_mg10-NPTH.drl' contains
    unplated through holes:
    =============================================================
    T1  1.200mm  0.0472"  (5 holes)

    Total unplated holes count 5
